app/build/intermediates/manifest_merge_blame_file/debug/processDebugMainManifest/manifest-merger-blame-debug-report.txt
1<?xml version="1.0" encoding="utf-8"?>
2<manifest xmlns:android="http://schemas.android.com/apk/res/android"
3    package="com.maaly.life"
4    android:versionCode="1"
5    android:versionName="1.0" >
6
7    <uses-sdk
8        android:minSdkVersion="24"
9        android:targetSdkVersion="34" />
10
11    <uses-permission android:name="android.permission.WAKE_LOCK" />
11-->[androidx.work:work-runtime:2.9.0] AndroidManifest.xml:23:5-68
11-->[androidx.work:work-runtime:2.9.0] AndroidManifest.xml:23:22-65
12    <uses-permission android:name="android.permission.ACCESS_NETWORK_STATE" />
12-->[androidx.work:work-runtime:2.9.0] AndroidManifest.xml:24:5-79
12-->[androidx.work:work-runtime:2.9.0] AndroidManifest.xml:24:22-76
13    <uses-permission android:name="android.permission.RECEIVE_BOOT_COMPLETED" />
13-->[androidx.work:work-runtime:2.9.0] AndroidManifest.xml:25:5-81
13-->[androidx.work:work-runtime:2.9.0] AndroidManifest.xml:25:22-78
14    <uses-permission android:name="android.permission.FOREGROUND_SERVICE" />
14-->[androidx.work:work-runtime:2.9.0] AndroidManifest.xml:26:5-77
14-->[androidx.work:work-runtime:2.9.0] AndroidManifest.xml:26:22-74
15
16    <permission
16-->[androidx.core:core:1.13.1] AndroidManifest.xml:22:5-24:47
17        android:name="com.maaly.life.DYNAMIC_RECEIVER_NOT_EXPORTED_PERMISSION"
17-->[androidx.core:core:1.13.1] AndroidManifest.xml:23:9-81
18        android:protectionLevel="signature" />
18-->[androidx.core:core:1.13.1] AndroidManifest.xml:24:9-44
19
20    <uses-permission android:name="com.maaly.life.DYNAMIC_RECEIVER_NOT_EXPORTED_PERMISSION" />
20-->[androidx.core:core:1.13.1] AndroidManifest.xml:26:5-97
20-->[androidx.core:core:1.13.1] AndroidManifest.xml:26:22-94
21
22    <application
22-->src/main/AndroidManifest.xml:4:5-17:19
23        android:appComponentFactory="androidx.core.app.CoreComponentFactory"
23-->[androidx.core:core:1.13.1] AndroidManifest.xml:28:18-86
24        android:debuggable="true"
25        android:extractNativeLibs="false"
26        android:label="Maaly Life"
26-->src/main/AndroidManifest.xml:5:9-35
27        android:supportsRtl="true"
27-->src/main/AndroidManifest.xml:6:9-35
28        android:theme="@style/Theme.MaalyLife" >
28-->src/main/AndroidManifest.xml:7:9-47
29        <activity
29-->src/main/AndroidManifest.xml:9:9-16:20
30            android:name="com.maaly.life.MainActivity"
30-->src/main/AndroidManifest.xml:10:13-41
31            android:exported="true" >
31-->src/main/AndroidManifest.xml:11:13-36
32            <intent-filter>
32-->src/main/AndroidManifest.xml:12:13-15:29
33                <action android:name="android.intent.action.MAIN" />
33-->src/main/AndroidManifest.xml:13:17-69
33-->src/main/AndroidManifest.xml:13:25-66
34
35                <category android:name="android.intent.category.LAUNCHER" />
35-->src/main/AndroidManifest.xml:14:17-77
35-->src/main/AndroidManifest.xml:14:27-74
36            </intent-filter>
37        </activity>
38
39        <provider
39-->[androidx.work:work-runtime:2.9.0] AndroidManifest.xml:29:9-37:20
40            android:name="androidx.startup.InitializationProvider"
40-->[androidx.work:work-runtime:2.9.0] AndroidManifest.xml:30:13-67
41            android:authorities="com.maaly.life.androidx-startup"
41-->[androidx.work:work-runtime:2.9.0] AndroidManifest.xml:31:13-68
42            android:exported="false" >
42-->[androidx.work:work-runtime:2.9.0] AndroidManifest.xml:32:13-37
43            <meta-data
43-->[androidx.work:work-runtime:2.9.0] AndroidManifest.xml:34:13-36:52
44                android:name="androidx.work.WorkManagerInitializer"
44-->[androidx.work:work-runtime:2.9.0] AndroidManifest.xml:35:17-68
45                android:value="androidx.startup" />
45-->[androidx.work:work-runtime:2.9.0] AndroidManifest.xml:36:17-49
46            <meta-data
46-->[androidx.emoji2:emoji2:1.3.0] AndroidManifest.xml:29:13-31:52
47                android:name="androidx.emoji2.text.EmojiCompatInitializer"
47-->[androidx.emoji2:emoji2:1.3.0] AndroidManifest.xml:30:17-75
48                android:value="androidx.startup" />
48-->[androidx.emoji2:emoji2:1.3.0] AndroidManifest.xml:31:17-49
49            <meta-data
49-->[androidx.lifecycle:lifecycle-process:2.8.4] AndroidManifest.xml:29:13-31:52
50                android:name="androidx.lifecycle.ProcessLifecycleInitializer"
50-->[androidx.lifecycle:lifecycle-process:2.8.4] AndroidManifest.xml:30:17-78
51                android:value="androidx.startup" />
51-->[androidx.lifecycle:lifecycle-process:2.8.4] AndroidManifest.xml:31:17-49
52            <meta-data
52-->[androidx.profileinstaller:profileinstaller:1.3.1] AndroidManifest.xml:29:13-31:52
53                android:name="androidx.profileinstaller.ProfileInstallerInitializer"
53-->[androidx.profileinstaller:profileinstaller:1.3.1] AndroidManifest.xml:30:17-85
54                android:value="androidx.startup" />
54-->[androidx.profileinstaller:profileinstaller:1.3.1] AndroidManifest.xml:31:17-49
55        </provider>
56
57        <service
57-->[androidx.work:work-runtime:2.9.0] AndroidManifest.xml:39:9-45:35
58            android:name="androidx.work.impl.background.systemalarm.SystemAlarmService"
58-->[androidx.work:work-runtime:2.9.0] AndroidManifest.xml:40:13-88
59            android:directBootAware="false"
59-->[androidx.work:work-runtime:2.9.0] AndroidManifest.xml:41:13-44
60            android:enabled="@bool/enable_system_alarm_service_default"
60-->[androidx.work:work-runtime:2.9.0] AndroidManifest.xml:42:13-72
61            android:exported="false" />
61-->[androidx.work:work-runtime:2.9.0] AndroidManifest.xml:43:13-37
62        <service
62-->[androidx.work:work-runtime:2.9.0] AndroidManifest.xml:46:9-52:35
63            android:name="androidx.work.impl.background.systemjob.SystemJobService"
63-->[androidx.work:work-runtime:2.9.0] AndroidManifest.xml:47:13-84
64            android:directBootAware="false"
64-->[androidx.work:work-runtime:2.9.0] AndroidManifest.xml:48:13-44
65            android:enabled="@bool/enable_system_job_service_default"
65-->[androidx.work:work-runtime:2.9.0] AndroidManifest.xml:49:13-70
66            android:exported="true"
66-->[androidx.work:work-runtime:2.9.0] AndroidManifest.xml:50:13-36
67            android:permission="android.permission.BIND_JOB_SERVICE" />
67-->[androidx.work:work-runtime:2.9.0] AndroidManifest.xml:51:13-69
68        <service
68-->[androidx.work:work-runtime:2.9.0] AndroidManifest.xml:53:9-59:35
69            android:name="androidx.work.impl.foreground.SystemForegroundService"
69-->[androidx.work:work-runtime:2.9.0] AndroidManifest.xml:54:13-81
70            android:directBootAware="false"
70-->[androidx.work:work-runtime:2.9.0] AndroidManifest.xml:55:13-44
71            android:enabled="@bool/enable_system_foreground_service_default"
71-->[androidx.work:work-runtime:2.9.0] AndroidManifest.xml:56:13-77
72            android:exported="false" />
72-->[androidx.work:work-runtime:2.9.0] AndroidManifest.xml:57:13-37
73
74        <receiver
74-->[androidx.work:work-runtime:2.9.0] AndroidManifest.xml:61:9-66:35
75            android:name="androidx.work.impl.utils.ForceStopRunnable$BroadcastReceiver"
75-->[androidx.work:work-runtime:2.9.0] AndroidManifest.xml:62:13-88
76            android:directBootAware="false"
76-->[androidx.work:work-runtime:2.9.0] AndroidManifest.xml:63:13-44
77            android:enabled="true"
77-->[androidx.work:work-runtime:2.9.0] AndroidManifest.xml:64:13-35
78            android:exported="false" />
78-->[androidx.work:work-runtime:2.9.0] AndroidManifest.xml:65:13-37
79        <receiver
79-->[androidx.work:work-runtime:2.9.0] AndroidManifest.xml:67:9-77:20
80            android:name="androidx.work.impl.background.systemalarm.ConstraintProxy$BatteryChargingProxy"
80-->[androidx.work:work-runtime:2.9.0] AndroidManifest.xml:68:13-106
81            android:directBootAware="false"
81-->[androidx.work:work-runtime:2.9.0] AndroidManifest.xml:69:13-44
82            android:enabled="false"
82-->[androidx.work:work-runtime:2.9.0] AndroidManifest.xml:70:13-36
83            android:exported="false" >
83-->[androidx.work:work-runtime:2.9.0] AndroidManifest.xml:71:13-37
84            <intent-filter>
84-->[androidx.work:work-runtime:2.9.0] AndroidManifest.xml:73:13-76:29
85                <action android:name="android.intent.action.ACTION_POWER_CONNECTED" />
85-->[androidx.work:work-runtime:2.9.0] AndroidManifest.xml:74:17-87
85-->[androidx.work:work-runtime:2.9.0] AndroidManifest.xml:74:25-84
86                <action android:name="android.intent.action.ACTION_POWER_DISCONNECTED" />
86-->[androidx.work:work-runtime:2.9.0] AndroidManifest.xml:75:17-90
86-->[androidx.work:work-runtime:2.9.0] AndroidManifest.xml:75:25-87
87            </intent-filter>
88        </receiver>
89        <receiver
89-->[androidx.work:work-runtime:2.9.0] AndroidManifest.xml:78:9-88:20
90            android:name="androidx.work.impl.background.systemalarm.ConstraintProxy$BatteryNotLowProxy"
90-->[androidx.work:work-runtime:2.9.0] AndroidManifest.xml:79:13-104
91            android:directBootAware="false"
91-->[androidx.work:work-runtime:2.9.0] AndroidManifest.xml:80:13-44
92            android:enabled="false"
92-->[androidx.work:work-runtime:2.9.0] AndroidManifest.xml:81:13-36
93            android:exported="false" >
93-->[androidx.work:work-runtime:2.9.0] AndroidManifest.xml:82:13-37
94            <intent-filter>
94-->[androidx.work:work-runtime:2.9.0] AndroidManifest.xml:84:13-87:29
95                <action android:name="android.intent.action.BATTERY_OKAY" />
95-->[androidx.work:work-runtime:2.9.0] AndroidManifest.xml:85:17-77
95-->[androidx.work:work-runtime:2.9.0] AndroidManifest.xml:85:25-74
96                <action android:name="android.intent.action.BATTERY_LOW" />
96-->[androidx.work:work-runtime:2.9.0] AndroidManifest.xml:86:17-76
96-->[androidx.work:work-runtime:2.9.0] AndroidManifest.xml:86:25-73
97            </intent-filter>
98        </receiver>
99        <receiver
99-->[androidx.work:work-runtime:2.9.0] AndroidManifest.xml:89:9-99:20
100            android:name="androidx.work.impl.background.systemalarm.ConstraintProxy$StorageNotLowProxy"
100-->[androidx.work:work-runtime:2.9.0] AndroidManifest.xml:90:13-104
101            android:directBootAware="false"
101-->[androidx.work:work-runtime:2.9.0] AndroidManifest.xml:91:13-44
102            android:enabled="false"
102-->[androidx.work:work-runtime:2.9.0] AndroidManifest.xml:92:13-36
103            android:exported="false" >
103-->[androidx.work:work-runtime:2.9.0] AndroidManifest.xml:93:13-37
104            <intent-filter>
104-->[androidx.work:work-runtime:2.9.0] AndroidManifest.xml:95:13-98:29
105                <action android:name="android.intent.action.DEVICE_STORAGE_LOW" />
105-->[androidx.work:work-runtime:2.9.0] AndroidManifest.xml:96:17-83
105-->[androidx.work:work-runtime:2.9.0] AndroidManifest.xml:96:25-80
106                <action android:name="android.intent.action.DEVICE_STORAGE_OK" />
106-->[androidx.work:work-runtime:2.9.0] AndroidManifest.xml:97:17-82
106-->[androidx.work:work-runtime:2.9.0] AndroidManifest.xml:97:25-79
107            </intent-filter>
108        </receiver>
109        <receiver
109-->[androidx.work:work-runtime:2.9.0] AndroidManifest.xml:100:9-109:20
110            android:name="androidx.work.impl.background.systemalarm.ConstraintProxy$NetworkStateProxy"
110-->[androidx.work:work-runtime:2.9.0] AndroidManifest.xml:101:13-103
111            android:directBootAware="false"
111-->[androidx.work:work-runtime:2.9.0] AndroidManifest.xml:102:13-44
112            android:enabled="false"
112-->[androidx.work:work-runtime:2.9.0] AndroidManifest.xml:103:13-36
113            android:exported="false" >
113-->[androidx.work:work-runtime:2.9.0] AndroidManifest.xml:104:13-37
114            <intent-filter>
114-->[androidx.work:work-runtime:2.9.0] AndroidManifest.xml:106:13-108:29
115                <action android:name="android.net.conn.CONNECTIVITY_CHANGE" />
115-->[androidx.work:work-runtime:2.9.0] AndroidManifest.xml:107:17-79
115-->[androidx.work:work-runtime:2.9.0] AndroidManifest.xml:107:25-76
116            </intent-filter>
117        </receiver>
118        <receiver
118-->[androidx.work:work-runtime:2.9.0] AndroidManifest.xml:110:9-121:20
119            android:name="androidx.work.impl.background.systemalarm.RescheduleReceiver"
119-->[androidx.work:work-runtime:2.9.0] AndroidManifest.xml:111:13-88
120            android:directBootAware="false"
120-->[androidx.work:work-runtime:2.9.0] AndroidManifest.xml:112:13-44
121            android:enabled="false"
121-->[androidx.work:work-runtime:2.9.0] AndroidManifest.xml:113:13-36
122            android:exported="false" >
122-->[androidx.work:work-runtime:2.9.0] AndroidManifest.xml:114:13-37
123            <intent-filter>
123-->[androidx.work:work-runtime:2.9.0] AndroidManifest.xml:116:13-120:29
124                <action android:name="android.intent.action.BOOT_COMPLETED" />
124-->[androidx.work:work-runtime:2.9.0] AndroidManifest.xml:117:17-79
124-->[androidx.work:work-runtime:2.9.0] AndroidManifest.xml:117:25-76
125                <action android:name="android.intent.action.TIME_SET" />
125-->[androidx.work:work-runtime:2.9.0] AndroidManifest.xml:118:17-73
125-->[androidx.work:work-runtime:2.9.0] AndroidManifest.xml:118:25-70
126                <action android:name="android.intent.action.TIMEZONE_CHANGED" />
126-->[androidx.work:work-runtime:2.9.0] AndroidManifest.xml:119:17-81
126-->[androidx.work:work-runtime:2.9.0] AndroidManifest.xml:119:25-78
127            </intent-filter>
128        </receiver>
129        <receiver
129-->[androidx.work:work-runtime:2.9.0] AndroidManifest.xml:122:9-131:20
130            android:name="androidx.work.impl.background.systemalarm.ConstraintProxyUpdateReceiver"
130-->[androidx.work:work-runtime:2.9.0] AndroidManifest.xml:123:13-99
131            android:directBootAware="false"
131-->[androidx.work:work-runtime:2.9.0] AndroidManifest.xml:124:13-44
132            android:enabled="@bool/enable_system_alarm_service_default"
132-->[androidx.work:work-runtime:2.9.0] AndroidManifest.xml:125:13-72
133            android:exported="false" >
133-->[androidx.work:work-runtime:2.9.0] AndroidManifest.xml:126:13-37
134            <intent-filter>
134-->[androidx.work:work-runtime:2.9.0] AndroidManifest.xml:128:13-130:29
135                <action android:name="androidx.work.impl.background.systemalarm.UpdateProxies" />
135-->[androidx.work:work-runtime:2.9.0] AndroidManifest.xml:129:17-98
135-->[androidx.work:work-runtime:2.9.0] AndroidManifest.xml:129:25-95
136            </intent-filter>
137        </receiver>
138        <receiver
138-->[androidx.work:work-runtime:2.9.0] AndroidManifest.xml:132:9-142:20
139            android:name="androidx.work.impl.diagnostics.DiagnosticsReceiver"
139-->[androidx.work:work-runtime:2.9.0] AndroidManifest.xml:133:13-78
140            android:directBootAware="false"
140-->[androidx.work:work-runtime:2.9.0] AndroidManifest.xml:134:13-44
141            android:enabled="true"
141-->[androidx.work:work-runtime:2.9.0] AndroidManifest.xml:135:13-35
142            android:exported="true"
142-->[androidx.work:work-runtime:2.9.0] AndroidManifest.xml:136:13-36
143            android:permission="android.permission.DUMP" >
143-->[androidx.work:work-runtime:2.9.0] AndroidManifest.xml:137:13-57
144            <intent-filter>
144-->[androidx.work:work-runtime:2.9.0] AndroidManifest.xml:139:13-141:29
145                <action android:name="androidx.work.diagnostics.REQUEST_DIAGNOSTICS" />
145-->[androidx.work:work-runtime:2.9.0] AndroidManifest.xml:140:17-88
145-->[androidx.work:work-runtime:2.9.0] AndroidManifest.xml:140:25-85
146            </intent-filter>
147        </receiver>
148
149        <service
149-->[androidx.room:room-runtime:2.6.1] AndroidManifest.xml:24:9-28:63
150            android:name="androidx.room.MultiInstanceInvalidationService"
150-->[androidx.room:room-runtime:2.6.1] AndroidManifest.xml:25:13-74
151            android:directBootAware="true"
151-->[androidx.room:room-runtime:2.6.1] AndroidManifest.xml:26:13-43
152            android:exported="false" />
152-->[androidx.room:room-runtime:2.6.1] AndroidManifest.xml:27:13-37
153
154        <receiver
154-->[androidx.profileinstaller:profileinstaller:1.3.1] AndroidManifest.xml:34:9-52:20
155            android:name="androidx.profileinstaller.ProfileInstallReceiver"
155-->[androidx.profileinstaller:profileinstaller:1.3.1] AndroidManifest.xml:35:13-76
156            android:directBootAware="false"
156-->[androidx.profileinstaller:profileinstaller:1.3.1] AndroidManifest.xml:36:13-44
157            android:enabled="true"
157-->[androidx.profileinstaller:profileinstaller:1.3.1] AndroidManifest.xml:37:13-35
158            android:exported="true"
158-->[androidx.profileinstaller:profileinstaller:1.3.1] AndroidManifest.xml:38:13-36
159            android:permission="android.permission.DUMP" >
159-->[androidx.profileinstaller:profileinstaller:1.3.1] AndroidManifest.xml:39:13-57
160            <intent-filter>
160-->[androidx.profileinstaller:profileinstaller:1.3.1] AndroidManifest.xml:40:13-42:29
161                <action android:name="androidx.profileinstaller.action.INSTALL_PROFILE" />
161-->[androidx.profileinstaller:profileinstaller:1.3.1] AndroidManifest.xml:41:17-91
161-->[androidx.profileinstaller:profileinstaller:1.3.1] AndroidManifest.xml:41:25-88
162            </intent-filter>
163            <intent-filter>
163-->[androidx.profileinstaller:profileinstaller:1.3.1] AndroidManifest.xml:43:13-45:29
164                <action android:name="androidx.profileinstaller.action.SKIP_FILE" />
164-->[androidx.profileinstaller:profileinstaller:1.3.1] AndroidManifest.xml:44:17-85
164-->[androidx.profileinstaller:profileinstaller:1.3.1] AndroidManifest.xml:44:25-82
165            </intent-filter>
166            <intent-filter>
166-->[androidx.profileinstaller:profileinstaller:1.3.1] AndroidManifest.xml:46:13-48:29
167                <action android:name="androidx.profileinstaller.action.SAVE_PROFILE" />
167-->[androidx.profileinstaller:profileinstaller:1.3.1] AndroidManifest.xml:47:17-88
167-->[androidx.profileinstaller:profileinstaller:1.3.1] AndroidManifest.xml:47:25-85
168            </intent-filter>
169            <intent-filter>
169-->[androidx.profileinstaller:profileinstaller:1.3.1] AndroidManifest.xml:49:13-51:29
170                <action android:name="androidx.profileinstaller.action.BENCHMARK_OPERATION" />
170-->[androidx.profileinstaller:profileinstaller:1.3.1] AndroidManifest.xml:50:17-95
170-->[androidx.profileinstaller:profileinstaller:1.3.1] AndroidManifest.xml:50:25-92
171            </intent-filter>
172        </receiver>
173    </application>
174
175</manifest>